-------------------------------------------------------------------------------
Test set: ClienteTest
-------------------------------------------------------------------------------
Tests run: 5, Failures: 0, Errors: 5, Skipped: 0, Time elapsed: 0.229 s <<< FAILURE! -- in ClienteTest
ClienteTest.atualizarTest -- Time elapsed: 0.144 s <<< ERROR!
java.lang.RuntimeException: org.postgresql.util.PSQLException: Connection to localhost:15432 refused. Check that the hostname and port are correct and that the postmaster is accepting TCP/IP connections.
	at br.com.douglas.dao.generic.jdbc.ConnectionFactory.initConnection(ConnectionFactory.java:36)
	at br.com.douglas.dao.generic.jdbc.ConnectionFactory.getConnection(ConnectionFactory.java:24)
	at br.com.douglas.dao.generic.jdbc.dao.ClienteDAO.<init>(ClienteDAO.java:17)
	at ClienteTest.atualizarTest(ClienteTest.java:63)
	at java.base/java.lang.reflect.Method.invoke(Method.java:565)
	at java.base/java.util.ArrayList.forEach(ArrayList.java:1604)
	at java.base/java.util.ArrayList.forEach(ArrayList.java:1604)
Caused by: org.postgresql.util.PSQLException: Connection to localhost:15432 refused. Check that the hostname and port are correct and that the postmaster is accepting TCP/IP connections.
	at org.postgresql.core.v3.ConnectionFactoryImpl.openConnectionImpl(ConnectionFactoryImpl.java:346)
	at org.postgresql.core.ConnectionFactory.openConnection(ConnectionFactory.java:54)
	at org.postgresql.jdbc.PgConnection.<init>(PgConnection.java:273)
	at org.postgresql.Driver.makeConnection(Driver.java:446)
	at org.postgresql.Driver.connect(Driver.java:298)
	at java.sql/java.sql.DriverManager.getConnection(DriverManager.java:613)
	at java.sql/java.sql.DriverManager.getConnection(DriverManager.java:199)
	at br.com.douglas.dao.generic.jdbc.ConnectionFactory.initConnection(ConnectionFactory.java:33)
	... 6 more
Caused by: java.net.ConnectException: Connection refused: getsockopt
	at java.base/sun.nio.ch.Net.pollConnect(Native Method)
	at java.base/sun.nio.ch.Net.pollConnectNow(Net.java:639)
	at java.base/sun.nio.ch.NioSocketImpl.timedFinishConnect(NioSocketImpl.java:543)
	at java.base/sun.nio.ch.NioSocketImpl.connect(NioSocketImpl.java:594)
	at java.base/java.net.SocksSocketImpl.connect(SocksSocketImpl.java:284)
	at java.base/java.net.Socket.connect(Socket.java:659)
	at org.postgresql.core.PGStream.createSocket(PGStream.java:243)
	at org.postgresql.core.PGStream.<init>(PGStream.java:98)
	at org.postgresql.core.v3.ConnectionFactoryImpl.tryConnect(ConnectionFactoryImpl.java:136)
	at org.postgresql.core.v3.ConnectionFactoryImpl.openConnectionImpl(ConnectionFactoryImpl.java:262)
	... 13 more

ClienteTest.cadastrarTest -- Time elapsed: 0.005 s <<< ERROR!
java.lang.RuntimeException: org.postgresql.util.PSQLException: Connection to localhost:15432 refused. Check that the hostname and port are correct and that the postmaster is accepting TCP/IP connections.
	at br.com.douglas.dao.generic.jdbc.ConnectionFactory.initConnection(ConnectionFactory.java:36)
	at br.com.douglas.dao.generic.jdbc.ConnectionFactory.getConnection(ConnectionFactory.java:24)
	at br.com.douglas.dao.generic.jdbc.dao.ClienteDAO.<init>(ClienteDAO.java:17)
	at ClienteTest.cadastrarTest(ClienteTest.java:17)
	at java.base/java.lang.reflect.Method.invoke(Method.java:565)
	at java.base/java.util.ArrayList.forEach(ArrayList.java:1604)
	at java.base/java.util.ArrayList.forEach(ArrayList.java:1604)
Caused by: org.postgresql.util.PSQLException: Connection to localhost:15432 refused. Check that the hostname and port are correct and that the postmaster is accepting TCP/IP connections.
	at org.postgresql.core.v3.ConnectionFactoryImpl.openConnectionImpl(ConnectionFactoryImpl.java:346)
	at org.postgresql.core.ConnectionFactory.openConnection(ConnectionFactory.java:54)
	at org.postgresql.jdbc.PgConnection.<init>(PgConnection.java:273)
	at org.postgresql.Driver.makeConnection(Driver.java:446)
	at org.postgresql.Driver.connect(Driver.java:298)
	at java.sql/java.sql.DriverManager.getConnection(DriverManager.java:613)
	at java.sql/java.sql.DriverManager.getConnection(DriverManager.java:199)
	at br.com.douglas.dao.generic.jdbc.ConnectionFactory.initConnection(ConnectionFactory.java:33)
	... 6 more
Caused by: java.net.ConnectException: Connection refused: getsockopt
	at java.base/sun.nio.ch.Net.pollConnect(Native Method)
	at java.base/sun.nio.ch.Net.pollConnectNow(Net.java:639)
	at java.base/sun.nio.ch.NioSocketImpl.timedFinishConnect(NioSocketImpl.java:543)
	at java.base/sun.nio.ch.NioSocketImpl.connect(NioSocketImpl.java:594)
	at java.base/java.net.SocksSocketImpl.connect(SocksSocketImpl.java:284)
	at java.base/java.net.Socket.connect(Socket.java:659)
	at org.postgresql.core.PGStream.createSocket(PGStream.java:243)
	at org.postgresql.core.PGStream.<init>(PGStream.java:98)
	at org.postgresql.core.v3.ConnectionFactoryImpl.tryConnect(ConnectionFactoryImpl.java:136)
	at org.postgresql.core.v3.ConnectionFactoryImpl.openConnectionImpl(ConnectionFactoryImpl.java:262)
	... 13 more

ClienteTest.buscarTodosTest -- Time elapsed: 0.015 s <<< ERROR!
java.lang.RuntimeException: org.postgresql.util.PSQLException: Connection to localhost:15432 refused. Check that the hostname and port are correct and that the postmaster is accepting TCP/IP connections.
	at br.com.douglas.dao.generic.jdbc.ConnectionFactory.initConnection(ConnectionFactory.java:36)
	at br.com.douglas.dao.generic.jdbc.ConnectionFactory.getConnection(ConnectionFactory.java:24)
	at br.com.douglas.dao.generic.jdbc.dao.ClienteDAO.<init>(ClienteDAO.java:17)
	at ClienteTest.buscarTodosTest(ClienteTest.java:117)
	at java.base/java.lang.reflect.Method.invoke(Method.java:565)
	at java.base/java.util.ArrayList.forEach(ArrayList.java:1604)
	at java.base/java.util.ArrayList.forEach(ArrayList.java:1604)
Caused by: org.postgresql.util.PSQLException: Connection to localhost:15432 refused. Check that the hostname and port are correct and that the postmaster is accepting TCP/IP connections.
	at org.postgresql.core.v3.ConnectionFactoryImpl.openConnectionImpl(ConnectionFactoryImpl.java:346)
	at org.postgresql.core.ConnectionFactory.openConnection(ConnectionFactory.java:54)
	at org.postgresql.jdbc.PgConnection.<init>(PgConnection.java:273)
	at org.postgresql.Driver.makeConnection(Driver.java:446)
	at org.postgresql.Driver.connect(Driver.java:298)
	at java.sql/java.sql.DriverManager.getConnection(DriverManager.java:613)
	at java.sql/java.sql.DriverManager.getConnection(DriverManager.java:199)
	at br.com.douglas.dao.generic.jdbc.ConnectionFactory.initConnection(ConnectionFactory.java:33)
	... 6 more
Caused by: java.net.ConnectException: Connection refused: getsockopt
	at java.base/sun.nio.ch.Net.pollConnect(Native Method)
	at java.base/sun.nio.ch.Net.pollConnectNow(Net.java:639)
	at java.base/sun.nio.ch.NioSocketImpl.timedFinishConnect(NioSocketImpl.java:543)
	at java.base/sun.nio.ch.NioSocketImpl.connect(NioSocketImpl.java:594)
	at java.base/java.net.SocksSocketImpl.connect(SocksSocketImpl.java:284)
	at java.base/java.net.Socket.connect(Socket.java:659)
	at org.postgresql.core.PGStream.createSocket(PGStream.java:243)
	at org.postgresql.core.PGStream.<init>(PGStream.java:98)
	at org.postgresql.core.v3.ConnectionFactoryImpl.tryConnect(ConnectionFactoryImpl.java:136)
	at org.postgresql.core.v3.ConnectionFactoryImpl.openConnectionImpl(ConnectionFactoryImpl.java:262)
	... 13 more

ClienteTest.buscarTest -- Time elapsed: 0.003 s <<< ERROR!
java.lang.RuntimeException: org.postgresql.util.PSQLException: Connection to localhost:15432 refused. Check that the hostname and port are correct and that the postmaster is accepting TCP/IP connections.
	at br.com.douglas.dao.generic.jdbc.ConnectionFactory.initConnection(ConnectionFactory.java:36)
	at br.com.douglas.dao.generic.jdbc.ConnectionFactory.getConnection(ConnectionFactory.java:24)
	at br.com.douglas.dao.generic.jdbc.dao.ClienteDAO.<init>(ClienteDAO.java:17)
	at ClienteTest.buscarTest(ClienteTest.java:39)
	at java.base/java.lang.reflect.Method.invoke(Method.java:565)
	at java.base/java.util.ArrayList.forEach(ArrayList.java:1604)
	at java.base/java.util.ArrayList.forEach(ArrayList.java:1604)
Caused by: org.postgresql.util.PSQLException: Connection to localhost:15432 refused. Check that the hostname and port are correct and that the postmaster is accepting TCP/IP connections.
	at org.postgresql.core.v3.ConnectionFactoryImpl.openConnectionImpl(ConnectionFactoryImpl.java:346)
	at org.postgresql.core.ConnectionFactory.openConnection(ConnectionFactory.java:54)
	at org.postgresql.jdbc.PgConnection.<init>(PgConnection.java:273)
	at org.postgresql.Driver.makeConnection(Driver.java:446)
	at org.postgresql.Driver.connect(Driver.java:298)
	at java.sql/java.sql.DriverManager.getConnection(DriverManager.java:613)
	at java.sql/java.sql.DriverManager.getConnection(DriverManager.java:199)
	at br.com.douglas.dao.generic.jdbc.ConnectionFactory.initConnection(ConnectionFactory.java:33)
	... 6 more
Caused by: java.net.ConnectException: Connection refused: getsockopt
	at java.base/sun.nio.ch.Net.pollConnect(Native Method)
	at java.base/sun.nio.ch.Net.pollConnectNow(Net.java:639)
	at java.base/sun.nio.ch.NioSocketImpl.timedFinishConnect(NioSocketImpl.java:543)
	at java.base/sun.nio.ch.NioSocketImpl.connect(NioSocketImpl.java:594)
	at java.base/java.net.SocksSocketImpl.connect(SocksSocketImpl.java:284)
	at java.base/java.net.Socket.connect(Socket.java:659)
	at org.postgresql.core.PGStream.createSocket(PGStream.java:243)
	at org.postgresql.core.PGStream.<init>(PGStream.java:98)
	at org.postgresql.core.v3.ConnectionFactoryImpl.tryConnect(ConnectionFactoryImpl.java:136)
	at org.postgresql.core.v3.ConnectionFactoryImpl.openConnectionImpl(ConnectionFactoryImpl.java:262)
	... 13 more

ClienteTest.excluirTest -- Time elapsed: 0.002 s <<< ERROR!
java.lang.RuntimeException: org.postgresql.util.PSQLException: Connection to localhost:15432 refused. Check that the hostname and port are correct and that the postmaster is accepting TCP/IP connections.
	at br.com.douglas.dao.generic.jdbc.ConnectionFactory.initConnection(ConnectionFactory.java:36)
	at br.com.douglas.dao.generic.jdbc.ConnectionFactory.getConnection(ConnectionFactory.java:24)
	at br.com.douglas.dao.generic.jdbc.dao.ClienteDAO.<init>(ClienteDAO.java:17)
	at ClienteTest.excluirTest(ClienteTest.java:96)
	at java.base/java.lang.reflect.Method.invoke(Method.java:565)
	at java.base/java.util.ArrayList.forEach(ArrayList.java:1604)
	at java.base/java.util.ArrayList.forEach(ArrayList.java:1604)
Caused by: org.postgresql.util.PSQLException: Connection to localhost:15432 refused. Check that the hostname and port are correct and that the postmaster is accepting TCP/IP connections.
	at org.postgresql.core.v3.ConnectionFactoryImpl.openConnectionImpl(ConnectionFactoryImpl.java:346)
	at org.postgresql.core.ConnectionFactory.openConnection(ConnectionFactory.java:54)
	at org.postgresql.jdbc.PgConnection.<init>(PgConnection.java:273)
	at org.postgresql.Driver.makeConnection(Driver.java:446)
	at org.postgresql.Driver.connect(Driver.java:298)
	at java.sql/java.sql.DriverManager.getConnection(DriverManager.java:613)
	at java.sql/java.sql.DriverManager.getConnection(DriverManager.java:199)
	at br.com.douglas.dao.generic.jdbc.ConnectionFactory.initConnection(ConnectionFactory.java:33)
	... 6 more
Caused by: java.net.ConnectException: Connection refused: getsockopt
	at java.base/sun.nio.ch.Net.pollConnect(Native Method)
	at java.base/sun.nio.ch.Net.pollConnectNow(Net.java:639)
	at java.base/sun.nio.ch.NioSocketImpl.timedFinishConnect(NioSocketImpl.java:543)
	at java.base/sun.nio.ch.NioSocketImpl.connect(NioSocketImpl.java:594)
	at java.base/java.net.SocksSocketImpl.connect(SocksSocketImpl.java:284)
	at java.base/java.net.Socket.connect(Socket.java:659)
	at org.postgresql.core.PGStream.createSocket(PGStream.java:243)
	at org.postgresql.core.PGStream.<init>(PGStream.java:98)
	at org.postgresql.core.v3.ConnectionFactoryImpl.tryConnect(ConnectionFactoryImpl.java:136)
	at org.postgresql.core.v3.ConnectionFactoryImpl.openConnectionImpl(ConnectionFactoryImpl.java:262)
	... 13 more

